<?xml version="1.0" encoding="UTF-8"?><testsuite failures="0" tests="3">
<testcase classname="Test Tagged Hooks" name="This is First test" time="0.120626">
<system-out><![CDATA[Given this is the first step........................................................passed
When this is the second step........................................................passed
Then this is the third step.........................................................passed
]]></system-out>
</testcase>
<testcase classname="Test Tagged Hooks" name="This is Second test" time="0.000242">
<system-out><![CDATA[Given this is the first step........................................................passed
When this is the second step........................................................passed
Then this is the third step.........................................................passed
]]></system-out>
</testcase>
<testcase classname="Test Tagged Hooks" name="This is Third test" time="0.000221">
<system-out><![CDATA[Given this is the first step........................................................passed
When this is the second step........................................................passed
Then this is the third step.........................................................passed
]]></system-out>
</testcase>
</testsuite>
